[debug] [2025-02-17T05:34:33.696Z] ----------------------------------------------------------------------
[debug] [2025-02-17T05:34:33.698Z] Command:       C:\Program Files\nodejs\node.exe C:\Users\ivan\AppData\Roaming\npm\node_modules\firebase-tools\lib\bin\firebase.js init
[debug] [2025-02-17T05:34:33.698Z] CLI Version:   13.31.1
[debug] [2025-02-17T05:34:33.699Z] Platform:      win32
[debug] [2025-02-17T05:34:33.699Z] Node Version:  v18.20.4
[debug] [2025-02-17T05:34:33.699Z] Time:          Mon Feb 17 2025 13:34:33 GMT+0800 (Philippine Standard Time)
[debug] [2025-02-17T05:34:33.700Z] ----------------------------------------------------------------------
[debug] 
[debug] [2025-02-17T05:34:33.706Z] > command requires scopes: ["email","openid","https://www.googleapis.com/auth/cloudplatformprojects.readonly","https://www.googleapis.com/auth/firebase","https://www.googleapis.com/auth/cloud-platform"]
[debug] [2025-02-17T05:34:33.707Z] > authorizing via signed-in user (oraionstarr@gmail.com)
[info] 
     ######## #### ########  ######## ########     ###     ######  ########
     ##        ##  ##     ## ##       ##     ##  ##   ##  ##       ##
     ######    ##  ########  ######   ########  #########  ######  ######
     ##        ##  ##    ##  ##       ##     ## ##     ##       ## ##
     ##       #### ##     ## ######## ########  ##     ##  ######  ########

You're about to initialize a Firebase project in this directory:

  C:\Users\ivan\Documents\cpe41 2nd sem\software dev\public-transit-app

[info] 
=== Project Setup
[info] 
[info] First, let's associate this project directory with a Firebase project.
[info] You can create multiple project aliases by running firebase use --add, 
[info] but for now we'll just set up a default project.
[info] 
[debug] [2025-02-17T05:34:41.018Z] Checked if tokens are valid: true, expires at: 1739773284865
[debug] [2025-02-17T05:34:41.019Z] Checked if tokens are valid: true, expires at: 1739773284865
[debug] [2025-02-17T05:34:41.021Z] >>> [apiv2][query] GET https://firebase.googleapis.com/v1beta1/projects pageSize=100
[debug] [2025-02-17T05:34:41.575Z] <<< [apiv2][status] GET https://firebase.googleapis.com/v1beta1/projects 200
[debug] [2025-02-17T05:34:41.575Z] <<< [apiv2][body] GET https://firebase.googleapis.com/v1beta1/projects [omitted]
[info] i  Using project public-transit-route-optimizer (public-transit-route-optimizer) 
[info] 
=== Hosting Setup
[debug] [2025-02-17T05:34:42.628Z] Checked if tokens are valid: true, expires at: 1739773284865
[debug] [2025-02-17T05:34:42.628Z] Checked if tokens are valid: true, expires at: 1739773284865
[debug] [2025-02-17T05:34:42.628Z] >>> [apiv2][query] GET https://firebase.googleapis.com/v1beta1/projects/public-transit-route-optimizer [none]
[debug] [2025-02-17T05:34:42.922Z] <<< [apiv2][status] GET https://firebase.googleapis.com/v1beta1/projects/public-transit-route-optimizer 200
[debug] [2025-02-17T05:34:42.922Z] <<< [apiv2][body] GET https://firebase.googleapis.com/v1beta1/projects/public-transit-route-optimizer {"projectId":"public-transit-route-optimizer","projectNumber":"642526482953","displayName":"public-transit-route-optimizer","name":"projects/public-transit-route-optimizer","resources":{"hostingSite":"public-transit-route-optimizer"},"state":"ACTIVE","etag":"1_b6f699d2-11e8-44cd-be87-2bb211e9df7b"}
[info] 
[info] Your public directory is the folder (relative to your project directory) that
[info] will contain Hosting assets to be uploaded with firebase deploy. If you
[info] have a build process for your assets, use your build's output directory.
[info] 
[debug] [2025-02-17T05:34:52.747Z] >>> [apiv2][query] GET https://www.gstatic.com/firebasejs/releases.json [none]
[debug] [2025-02-17T05:34:52.838Z] <<< [apiv2][status] GET https://www.gstatic.com/firebasejs/releases.json 200
[debug] [2025-02-17T05:34:52.838Z] <<< [apiv2][body] GET https://www.gstatic.com/firebasejs/releases.json {"current":{"version":"11.3.1","browserURL":"https://www.gstatic.com/firebasejs/11.3.1/firebase.js","packageURL":"https://www.gstatic.com/firebasejs/11.3.1/firebase.tgz"},"live":{"version":"11.3","browserURL":"https://www.gstatic.com/firebasejs/live/11.3/firebase.js","packageURL":"https://www.gstatic.com/firebasejs/live/11.3/firebase.tgz"},"components":{"analytics":"https://www.gstatic.com/firebasejs/11.3.1/firebase-analytics.js","app":"https://www.gstatic.com/firebasejs/11.3.1/firebase-app.js","app-check":"https://www.gstatic.com/firebasejs/11.3.1/firebase-app-check.js","auth":"https://www.gstatic.com/firebasejs/11.3.1/firebase-auth.js","auth/cordova":"https://www.gstatic.com/firebasejs/11.3.1/firebase-auth/cordova.js","auth/web-extension":"https://www.gstatic.com/firebasejs/11.3.1/firebase-auth/web-extension.js","functions":"https://www.gstatic.com/firebasejs/11.3.1/firebase-functions.js","firestore":"https://www.gstatic.com/firebasejs/11.3.1/firebase-firestore.js","firestore/lite":"https://www.gstatic.com/firebasejs/11.3.1/firebase-firestore/lite.js","installations":"https://www.gstatic.com/firebasejs/11.3.1/firebase-installations.js","storage":"https://www.gstatic.com/firebasejs/11.3.1/firebase-storage.js","performance":"https://www.gstatic.com/firebasejs/11.3.1/firebase-performance.js","remote-config":"https://www.gstatic.com/firebasejs/11.3.1/firebase-remote-config.js","messaging":"https://www.gstatic.com/firebasejs/11.3.1/firebase-messaging.js","messaging/sw":"https://www.gstatic.com/firebasejs/11.3.1/firebase-messaging/sw.js","database":"https://www.gstatic.com/firebasejs/11.3.1/firebase-database.js","vertexai":"https://www.gstatic.com/firebasejs/11.3.1/firebase-vertexai.js","data-connect":"https://www.gstatic.com/firebasejs/11.3.1/firebase-data-connect.js","firestore.memory":"https://www.gstatic.com/firebasejs/11.3.1/firebase-firestore.memory.js"}}
[info] i  Skipping write of build/index.html 
[info] 
[info] i  Detected a .git folder at C:\Users\ivan\Documents\cpe41 2nd sem\software dev\public-transit-app 
[info] i  Authorizing with GitHub to upload your service account to a GitHub repository's secrets store. 
[info] 
[info] Visit this URL on this device to log in:
[info] https://github.com/login/oauth/authorize?client_id=89cf50f02ac6aaed3484&state=571565354&redirect_uri=http%3A%2F%2Flocalhost%3A9005&scope=read%3Auser%20repo%20public_repo
[info] 
[info] Waiting for authentication...
[debug] [2025-02-17T05:35:03.884Z] >>> [apiv2][query] POST https://github.com/login/oauth/access_token [none]
[debug] [2025-02-17T05:35:03.884Z] >>> [apiv2][body] POST https://github.com/login/oauth/access_token [stream]
[debug] [2025-02-17T05:35:04.348Z] <<< [apiv2][status] POST https://github.com/login/oauth/access_token 200
[debug] [2025-02-17T05:35:04.348Z] <<< [apiv2][body] POST https://github.com/login/oauth/access_token {"access_token":"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","token_type":"bearer","scope":"read:user,repo"}
[debug] [2025-02-17T05:35:04.353Z] >>> [apiv2][query] GET https://api.github.com/user [none]
[debug] [2025-02-17T05:35:04.796Z] <<< [apiv2][status] GET https://api.github.com/user 200
[debug] [2025-02-17T05:35:04.796Z] <<< [apiv2][body] GET https://api.github.com/user {"login":"iiivannn","id":144540815,"node_id":"U_kgDOCJ2Ejw","avatar_url":"https://avatars.githubusercontent.com/u/144540815?v=4","gravatar_id":"","url":"https://api.github.com/users/iiivannn","html_url":"https://github.com/iiivannn","followers_url":"https://api.github.com/users/iiivannn/followers","following_url":"https://api.github.com/users/iiivannn/following{/other_user}","gists_url":"https://api.github.com/users/iiivannn/gists{/gist_id}","starred_url":"https://api.github.com/users/iiivannn/starred{/owner}{/repo}","subscriptions_url":"https://api.github.com/users/iiivannn/subscriptions","organizations_url":"https://api.github.com/users/iiivannn/orgs","repos_url":"https://api.github.com/users/iiivannn/repos","events_url":"https://api.github.com/users/iiivannn/events{/privacy}","received_events_url":"https://api.github.com/users/iiivannn/received_events","type":"User","user_view_type":"private","site_admin":false,"name":null,"company":null,"blog":"","location":null,"email":null,"hireable":null,"bio":null,"twitter_username":null,"notification_email":null,"public_repos":16,"public_gists":0,"followers":0,"following":0,"created_at":"2023-09-09T13:38:46Z","updated_at":"2025-02-02T02:51:15Z","private_gists":0,"total_private_repos":2,"owned_private_repos":2,"disk_usage":68697,"collaborators":0,"two_factor_authentication":false,"plan":{"name":"free","space":976562499,"collaborators":0,"private_repos":10000}}
[info] 
[info] +  Success! Logged into GitHub as iiivannn 
[info] 
